TCGA-BP-4768
TCGA-B4-5843
TCGA-CW-5587
TCGA-B0-5692
TCGA-B8-A54I
TCGA-B0-4691
TCGA-AK-3450
TCGA-B8-A8YJ
TCGA-AK-3426
TCGA-B0-4842
TCGA-BP-5198
TCGA-B2-5641
TCGA-CJ-4637
TCGA-BP-5010
TCGA-CJ-4873
TCGA-BP-5174
TCGA-AS-3777
TCGA-BP-5185
TCGA-B0-4813
TCGA-BP-5196
TCGA-A3-3347
TCGA-BP-5169
TCGA-BP-5190
TCGA-BP-4174
TCGA-AK-3453
TCGA-B0-5081
TCGA-BP-4761
TCGA-CJ-5680
TCGA-A3-3324
TCGA-DV-A4VX
TCGA-B0-4707
TCGA-CZ-5466
TCGA-CJ-4641
TCGA-B8-5550
TCGA-BP-4163
TCGA-B2-4098
TCGA-CW-6097
TCGA-A3-3311
TCGA-A3-3317
TCGA-BP-5175
TCGA-BP-4798
TCGA-A3-3319
TCGA-BP-4347
TCGA-B4-5836
TCGA-B0-4712
TCGA-BP-4799
TCGA-B0-5092
TCGA-A3-3387
TCGA-B0-5094
TCGA-B0-5085
TCGA-B4-5838
TCGA-B0-4819
TCGA-B0-4847
TCGA-BP-4334
TCGA-BP-4971
TCGA-CW-6087
TCGA-CZ-4863
TCGA-B0-5107
TCGA-A3-3351
TCGA-BP-5191
TCGA-AK-3451
TCGA-A3-A6NI
TCGA-BP-5173
TCGA-CZ-4858
TCGA-B0-5096
TCGA-BP-4787
TCGA-B8-4143
TCGA-BP-4985
TCGA-DV-5565
TCGA-CJ-5679
TCGA-B0-5712
TCGA-BP-4962
TCGA-CJ-4869
TCGA-BP-5189
TCGA-CZ-5470
TCGA-CZ-5987
TCGA-BP-4989
TCGA-CW-5588
TCGA-CJ-4916
TCGA-CJ-5682
TCGA-AK-3427
TCGA-CZ-5456
TCGA-BP-4983
TCGA-AK-3454
TCGA-CJ-4875
TCGA-A3-3335
TCGA-BP-5009
TCGA-B0-5400
TCGA-BP-4167
TCGA-B0-4838
TCGA-CJ-4876
TCGA-BP-5000
TCGA-CJ-4636
TCGA-CZ-5463
TCGA-B0-4822
TCGA-B0-5701
TCGA-CJ-4891
TCGA-B0-5709
TCGA-AK-3443
TCGA-B8-5553
TCGA-A3-3378
TCGA-CJ-4884
TCGA-CZ-5468
TCGA-A3-3346
TCGA-BP-4770
TCGA-B0-4698
TCGA-BP-4797
TCGA-MM-A84U
TCGA-BP-4970
TCGA-B0-5075
TCGA-AK-3429
TCGA-CJ-4871
TCGA-CJ-4638
TCGA-CJ-4893
TCGA-CZ-4854
TCGA-B8-5551
TCGA-B8-5164
TCGA-B0-4811
TCGA-B0-5084
TCGA-CZ-5469
TCGA-B0-4817
TCGA-CJ-4881
TCGA-CZ-4866
TCGA-CJ-6030
TCGA-CJ-5671
TCGA-B0-4821
