TCGA-T7-A92I
TCGA-B2-4099
TCGA-B8-A54J
TCGA-BP-4790
TCGA-BP-4340
TCGA-A3-3307
TCGA-A3-3331
TCGA-CJ-4895
TCGA-CJ-4868
TCGA-B0-5693
TCGA-B8-5159
TCGA-CZ-5459
TCGA-B0-5100
TCGA-B0-5691
TCGA-CZ-5455
TCGA-BP-4354
TCGA-A3-3374
TCGA-B0-5700
TCGA-BP-4972
TCGA-BP-5170
TCGA-AK-3440
TCGA-B0-5697
TCGA-CW-5581
TCGA-BP-4775
TCGA-BP-4759
TCGA-B0-4845
TCGA-B0-5812
TCGA-BP-4346
TCGA-BP-5177
TCGA-B0-4823
TCGA-B8-A54F
TCGA-G6-A8L8
TCGA-A3-3362
TCGA-B0-5699
TCGA-AK-3433
TCGA-CJ-4892
TCGA-B8-A54H
TCGA-AK-3445
TCGA-BP-4998
TCGA-BP-4173
TCGA-B0-4700
TCGA-B0-4694
TCGA-A3-3383
TCGA-CZ-5982
TCGA-CJ-4634
TCGA-AK-3447
TCGA-BP-4337
TCGA-B0-5399
TCGA-B0-4828
TCGA-6D-AA2E
TCGA-BP-4991
TCGA-A3-3343
TCGA-B2-A4SR
TCGA-A3-3352
TCGA-CJ-4888
TCGA-B8-4148
TCGA-CJ-4874
TCGA-BP-4967
TCGA-CJ-4900
TCGA-A3-3373
TCGA-B0-5106
TCGA-B0-4696
TCGA-B4-5844
TCGA-B8-5546
TCGA-B0-4816
TCGA-CW-5590
TCGA-BP-4343
TCGA-BP-5200
TCGA-B0-4848
TCGA-CJ-4907
TCGA-BP-5168
TCGA-BP-4159
TCGA-CJ-4640
TCGA-BP-5182
TCGA-G6-A8L6
TCGA-DV-5566
TCGA-A3-3370
TCGA-B0-5119
TCGA-BP-4969
TCGA-B0-5710
TCGA-B8-4620
TCGA-CZ-5986
TCGA-A3-3323
TCGA-B0-5095
TCGA-B0-4827
TCGA-A3-A6NJ
TCGA-CZ-5458
TCGA-BP-4330
TCGA-A3-A8OW
TCGA-B0-5110
TCGA-B0-4945
TCGA-BP-4976
TCGA-DV-A4W0
TCGA-CW-5583
TCGA-BP-4762
TCGA-BP-4977
TCGA-BP-4993
TCGA-A3-3372
TCGA-BP-4961
TCGA-B0-5690
TCGA-A3-3376
TCGA-CJ-4887
TCGA-B0-5116
TCGA-B0-4713
TCGA-BP-4329
TCGA-B0-4701
TCGA-B8-A54E
TCGA-CJ-5678
TCGA-BP-4177
TCGA-BP-4160
TCGA-AK-3434
TCGA-BP-5202
TCGA-B0-5121
TCGA-B0-5120
TCGA-CJ-6027
TCGA-BP-5006
TCGA-CJ-4885
TCGA-CJ-4908
TCGA-BP-4964
TCGA-BP-4774
TCGA-B0-4815
TCGA-B8-4151
TCGA-B0-5099
TCGA-BP-5180
TCGA-CJ-4643
TCGA-BP-4327
TCGA-AK-3460
TCGA-BP-4166
TCGA-BP-4769
TCGA-A3-3328
TCGA-A3-3365
TCGA-CZ-5985
TCGA-BP-4777
TCGA-B4-5378
TCGA-CJ-4870
TCGA-CJ-5683
TCGA-BP-5001
TCGA-CJ-5684
TCGA-DV-5567
TCGA-AS-3778
TCGA-B0-5117
TCGA-CZ-4861
TCGA-CZ-4856
TCGA-AK-3458
TCGA-CJ-4878
TCGA-A3-3329
TCGA-B0-5113
TCGA-DV-5568
TCGA-A3-3367
TCGA-B0-4852
TCGA-A3-3320
TCGA-A3-3306
TCGA-B0-5696
TCGA-CZ-5457
TCGA-BP-4353
TCGA-DV-A4VZ
TCGA-BP-4986
TCGA-B0-4688
TCGA-B0-4710
TCGA-BP-4995
TCGA-A3-3359
TCGA-BP-4987
TCGA-CJ-6028
TCGA-B0-5077
TCGA-CJ-4918
TCGA-B8-5165
TCGA-B0-5080
TCGA-B0-4833
TCGA-CJ-6032
TCGA-B0-5711
TCGA-B0-4814
TCGA-DV-5573
TCGA-BP-4782
TCGA-BP-5199
TCGA-B4-5834
TCGA-AK-3465
TCGA-BP-5187
TCGA-CZ-5454
TCGA-B0-4714
TCGA-CJ-4903
TCGA-CZ-5467
TCGA-B8-5162
TCGA-BP-5195
TCGA-CJ-4889
TCGA-BP-5183
TCGA-AK-3436
TCGA-B0-5083
TCGA-BP-4766
TCGA-B8-A7U6
TCGA-CJ-4890
TCGA-CJ-4635
TCGA-A3-3358
TCGA-BP-4341
TCGA-EU-5905
TCGA-A3-3357
TCGA-BP-4335
TCGA-A3-3322
TCGA-CJ-5672
TCGA-BP-4158
TCGA-BP-4325
TCGA-B0-5088
TCGA-CJ-4899
TCGA-B0-4824
TCGA-CJ-4886
TCGA-BP-4176
TCGA-B0-4836
TCGA-EU-5904
TCGA-GK-A6C7
TCGA-A3-A8CQ
TCGA-BP-4758
TCGA-A3-3308
TCGA-CZ-5464
TCGA-BP-4803
TCGA-CJ-4882
TCGA-MM-A564
TCGA-B0-4706
TCGA-B0-5703
TCGA-CJ-6033
TCGA-B0-4849
TCGA-BP-4344
TCGA-CZ-5988
TCGA-DV-5569
TCGA-BP-5181
TCGA-A3-A6NL
TCGA-A3-A8OU
TCGA-BP-4765
TCGA-B0-5104
TCGA-BP-4165
TCGA-A3-3326
TCGA-B0-4846
TCGA-CW-5589
TCGA-BP-4975
TCGA-B0-5102
TCGA-BP-4776
TCGA-BP-4781
TCGA-B0-5098
TCGA-B0-4844
TCGA-CZ-5465
TCGA-CJ-4904
TCGA-B0-4699
TCGA-BP-4789
TCGA-A3-3349
TCGA-B8-5545
TCGA-CZ-5451
TCGA-B0-5694
TCGA-BP-4981
TCGA-BP-4351
TCGA-B8-5549
TCGA-EU-5906
TCGA-BP-4807
TCGA-BP-4760
TCGA-BP-4164
TCGA-AK-3431
TCGA-CW-6090
TCGA-CZ-5984
TCGA-AK-3425
TCGA-A3-3380
TCGA-AK-3461
TCGA-CJ-4897
TCGA-CZ-5461
TCGA-BP-4331
TCGA-B0-5706
TCGA-A3-3316
TCGA-CJ-5681
TCGA-B2-4102
TCGA-B8-4154
TCGA-AK-3428
TCGA-CZ-4853
TCGA-A3-3382
TCGA-B0-4843
TCGA-BP-4974
TCGA-BP-4355
TCGA-B2-4101
TCGA-CJ-4902
TCGA-BP-4999
TCGA-A3-A8OV
TCGA-CZ-5460
TCGA-B0-4697
TCGA-CJ-4644
TCGA-B2-5636
TCGA-BP-4349
TCGA-B0-5698
TCGA-BP-5184
TCGA-CJ-4872
TCGA-B8-A54G
TCGA-BP-4170
TCGA-BP-5007
TCGA-B0-5707
TCGA-B0-5695
TCGA-BP-4994
TCGA-MM-A563
TCGA-B0-5108
TCGA-B0-5713
TCGA-BP-5186
TCGA-B0-5705
TCGA-CJ-6031
TCGA-B0-4839
TCGA-B8-5158
TCGA-B0-4818
TCGA-CJ-4920
TCGA-BP-4326
TCGA-BP-5178
TCGA-A3-3325
TCGA-A3-3363
TCGA-CJ-5676
TCGA-BP-4756
TCGA-B0-5115
TCGA-CJ-4901
TCGA-B8-5163
TCGA-B0-5402
TCGA-BP-4801
TCGA-CZ-4857
TCGA-BP-4968
TCGA-B8-A54D
TCGA-A3-3385
TCGA-BP-4804
TCGA-B0-4810
TCGA-EU-5907
TCGA-B0-4837
TCGA-BP-4332
TCGA-A3-A6NN
TCGA-BP-5201
TCGA-CW-6093
TCGA-B8-A54K
TCGA-B8-4621
TCGA-DV-5576
TCGA-B0-5109
TCGA-BP-4169
TCGA-CZ-4864
TCGA-BP-5008
TCGA-A3-A8OX
TCGA-CZ-4862
TCGA-BP-5192
TCGA-BP-4784
TCGA-BP-4795
TCGA-B4-5377
TCGA-BP-4161
TCGA-BP-4973
TCGA-CW-5591
TCGA-BP-5176
TCGA-BP-4342
TCGA-CZ-4860
TCGA-B0-4693
TCGA-BP-5194
TCGA-DV-5575
TCGA-MW-A4EC
TCGA-B4-5835
TCGA-CW-5585
TCGA-CJ-4894
TCGA-BP-4162
TCGA-DV-5574
TCGA-CZ-4865
TCGA-B8-4622
TCGA-CW-6088
TCGA-CZ-4859
TCGA-AK-3456
TCGA-BP-4338
TCGA-CZ-5453
TCGA-CJ-4905
TCGA-B0-4718
TCGA-BP-4963
TCGA-BP-5004
TCGA-3Z-A93Z
TCGA-CJ-4639
TCGA-BP-4982
