TCGA-BP-4768
TCGA-B2-4099
TCGA-CJ-5686
TCGA-B4-5843
TCGA-CW-5587
TCGA-B8-A54J
TCGA-BP-4790
TCGA-B0-5692
TCGA-BP-4340
TCGA-A3-3307
TCGA-AK-3450
TCGA-B8-4619
TCGA-A3-3331
TCGA-CJ-4895
TCGA-CJ-4868
TCGA-B0-5693
TCGA-B8-5159
TCGA-CZ-5459
TCGA-B0-5691
TCGA-CZ-5455
TCGA-BP-5198
TCGA-B2-5641
TCGA-B0-4834
TCGA-BP-4354
TCGA-CJ-4637
TCGA-BP-4972
TCGA-BP-5170
TCGA-CW-5581
TCGA-BP-4775
TCGA-B0-5812
TCGA-BP-4346
TCGA-B0-4823
TCGA-B8-A54F
TCGA-A3-3362
TCGA-B0-5699
TCGA-CJ-4892
TCGA-B8-A54H
TCGA-B0-4694
TCGA-BP-5174
TCGA-CJ-4634
TCGA-B0-5399
TCGA-B0-4828
TCGA-BP-4991
TCGA-A3-3343
TCGA-A3-3352
TCGA-A3-3347
TCGA-CJ-4874
TCGA-BP-5190
TCGA-B4-5844
TCGA-CJ-5680
TCGA-BP-4343
TCGA-B0-4848
TCGA-A3-3324
TCGA-CJ-4907
TCGA-BP-5168
TCGA-DV-A4VX
TCGA-B2-5639
TCGA-B0-4690
TCGA-DV-5566
TCGA-CJ-4641
TCGA-B8-5550
TCGA-A3-3370
TCGA-B0-5119
TCGA-BP-4163
TCGA-CW-6097
TCGA-B0-5710
TCGA-B8-4620
TCGA-CZ-5986
TCGA-A3-3323
TCGA-B0-5095
TCGA-A3-3311
TCGA-A3-A6NJ
TCGA-CZ-5458
TCGA-BP-4330
TCGA-B0-5097
TCGA-A3-A8OW
TCGA-A3-3317
TCGA-B0-5110
TCGA-B0-4945
TCGA-BP-4976
TCGA-CW-5583
TCGA-BP-4762
TCGA-BP-4977
TCGA-BP-4993
TCGA-BP-4961
TCGA-CJ-4887
TCGA-B0-5116
TCGA-BP-4329
TCGA-B0-4701
TCGA-B4-5836
TCGA-BP-4160
TCGA-CW-5584
TCGA-BP-5202
TCGA-B0-5120
TCGA-CJ-6027
TCGA-BP-5006
TCGA-CJ-4908
TCGA-BP-4964
TCGA-BP-4774
TCGA-B0-5099
TCGA-BP-5180
TCGA-A3-3387
TCGA-AK-3460
TCGA-BP-4166
TCGA-BP-4769
TCGA-A3-3365
TCGA-CZ-5985
TCGA-BP-4777
TCGA-B4-5378
TCGA-BP-4763
TCGA-CJ-5683
TCGA-B4-5838
TCGA-CJ-5684
TCGA-DV-5567
TCGA-AS-3778
TCGA-CZ-4861
TCGA-CZ-4856
TCGA-AK-3458
TCGA-B0-5113
TCGA-A3-3367
TCGA-CZ-4863
TCGA-B0-4852
TCGA-A3-3320
TCGA-A3-3306
TCGA-CZ-5457
TCGA-BP-4353
TCGA-B0-4710
TCGA-BP-4995
TCGA-A3-3351
TCGA-A3-3359
TCGA-BP-4987
TCGA-AK-3451
TCGA-CJ-6028
TCGA-A3-A6NI
TCGA-B0-5077
TCGA-B0-5096
TCGA-B8-5165
TCGA-B0-5711
TCGA-B8-4143
TCGA-B0-4814
TCGA-DV-5573
TCGA-BP-4985
TCGA-B4-5834
TCGA-A3-3313
TCGA-BP-5187
TCGA-CZ-5454
TCGA-CZ-5467
TCGA-BP-4962
TCGA-B8-5162
TCGA-BP-5195
TCGA-BP-5183
TCGA-BP-5189
TCGA-BP-4766
TCGA-AK-3455
TCGA-B8-A7U6
TCGA-CJ-4635
TCGA-A3-3358
TCGA-A3-3357
TCGA-BP-4335
TCGA-A3-3322
TCGA-BP-4158
TCGA-BP-4325
TCGA-B0-5088
TCGA-CJ-4899
TCGA-CZ-5987
TCGA-B0-4824
TCGA-CJ-4886
TCGA-B0-4836
TCGA-CZ-5452
TCGA-EU-5904
TCGA-GK-A6C7
TCGA-A3-A8CQ
TCGA-A3-3308
TCGA-CZ-5464
TCGA-BP-4803
TCGA-CW-5588
TCGA-B0-5703
TCGA-CJ-4916
TCGA-BP-4344
TCGA-CZ-5988
TCGA-DV-5569
TCGA-BP-5181
TCGA-A3-A6NL
TCGA-CZ-5456
TCGA-BP-4765
TCGA-B0-5104
TCGA-A3-3326
TCGA-BP-4983
TCGA-B0-4846
TCGA-CW-5589
TCGA-BP-4975
TCGA-CJ-4875
TCGA-BP-4781
TCGA-B0-4844
TCGA-CJ-4904
TCGA-BP-4789
TCGA-A3-3349
TCGA-CZ-5451
TCGA-B0-5694
TCGA-BP-4351
TCGA-EU-5906
TCGA-BP-4760
TCGA-BP-4164
TCGA-AK-3431
TCGA-CW-6090
TCGA-CZ-5984
TCGA-A3-3380
TCGA-AK-3461
TCGA-CJ-4897
TCGA-CZ-5461
TCGA-BP-4331
TCGA-CZ-5463
TCGA-B0-5706
TCGA-A3-3316
TCGA-B0-5701
TCGA-B2-4102
TCGA-B8-4154
TCGA-AK-3428
TCGA-CZ-4853
TCGA-BP-4974
TCGA-BP-4355
TCGA-B2-4101
TCGA-CJ-4902
TCGA-BP-4999
TCGA-A3-A8OV
TCGA-B0-5709
TCGA-CJ-4644
TCGA-AK-3443
TCGA-B8-5553
TCGA-A3-3378
TCGA-BP-4349
TCGA-B0-5698
TCGA-BP-5184
TCGA-CJ-4872
TCGA-B8-A54G
TCGA-BP-4170
TCGA-BP-5007
TCGA-CZ-5468
TCGA-BP-5186
TCGA-B0-5705
TCGA-B0-4818
TCGA-B0-5115
TCGA-B0-4698
TCGA-CJ-4901
TCGA-B0-5402
TCGA-BP-4801
TCGA-CZ-4857
TCGA-B8-A54D
TCGA-A3-3385
TCGA-BP-4797
TCGA-B0-4810
TCGA-EU-5907
TCGA-B0-5075
TCGA-B0-4837
TCGA-BP-4332
TCGA-AK-3429
TCGA-CJ-4871
TCGA-CW-6093
TCGA-CJ-4893
TCGA-BP-4169
TCGA-CZ-4864
TCGA-BP-5008
TCGA-A3-A8OX
TCGA-BP-5192
TCGA-BP-4784
TCGA-BP-4161
TCGA-BP-4973
TCGA-BP-5176
TCGA-BP-4342
TCGA-CZ-4860
TCGA-B0-4693
TCGA-BP-5194
TCGA-MW-A4EC
TCGA-CW-5585
TCGA-BP-4162
TCGA-B8-4622
TCGA-CZ-4859
TCGA-BP-4963
TCGA-BP-4965
TCGA-BP-5004
TCGA-3Z-A93Z
TCGA-CJ-4639
TCGA-BP-4982
