TCGA-T7-A92I
TCGA-B8-A54I
TCGA-B0-4691
TCGA-B0-4841
TCGA-B8-A8YJ
TCGA-AK-3426
TCGA-B0-4842
TCGA-BP-4992
TCGA-B0-5100
TCGA-BP-5010
TCGA-A3-3374
TCGA-B0-5700
TCGA-AK-3440
TCGA-B0-5697
TCGA-CJ-4873
TCGA-BP-4759
TCGA-B0-4845
TCGA-BP-5177
TCGA-G6-A8L8
TCGA-AK-3433
TCGA-AK-3445
TCGA-BP-4998
TCGA-BP-4173
TCGA-B0-4700
TCGA-A3-3383
TCGA-AK-3447
TCGA-BP-4337
TCGA-AS-3777
TCGA-BP-5185
TCGA-B0-4813
TCGA-BP-5196
TCGA-6D-AA2E
TCGA-B2-A4SR
TCGA-CJ-4888
TCGA-B8-4148
TCGA-BP-5169
TCGA-BP-4967
TCGA-CJ-4900
TCGA-A3-3373
TCGA-B0-5106
TCGA-B0-4696
TCGA-BP-4174
TCGA-B8-5546
TCGA-AK-3453
TCGA-B0-5081
TCGA-B0-4816
TCGA-CW-5590
TCGA-BP-4761
TCGA-BP-5200
TCGA-B0-4707
TCGA-BP-4159
TCGA-CJ-4640
TCGA-BP-5182
TCGA-CZ-5466
TCGA-G6-A8L6
TCGA-B2-4098
TCGA-BP-4969
TCGA-B0-4827
TCGA-DV-A4W0
TCGA-A3-3372
TCGA-B0-5690
TCGA-A3-3376
TCGA-BP-5175
TCGA-BP-4798
TCGA-B0-4713
TCGA-CJ-5675
TCGA-B8-A54E
TCGA-CJ-5678
TCGA-AK-3434
TCGA-B0-5121
TCGA-B0-4712
TCGA-BP-4799
TCGA-BP-4771
TCGA-CJ-4885
TCGA-B0-4815
TCGA-B8-4151
TCGA-CJ-4643
TCGA-BP-4327
TCGA-B0-5094
TCGA-A3-3328
TCGA-B0-5085
TCGA-CJ-4870
TCGA-BP-5001
TCGA-B0-4819
TCGA-B0-4847
TCGA-B0-5117
TCGA-CJ-4878
TCGA-BP-4334
TCGA-BP-4971
TCGA-A3-3329
TCGA-DV-5568
TCGA-B0-5696
TCGA-BP-4345
TCGA-DV-A4VZ
TCGA-BP-4986
TCGA-B0-4688
TCGA-B0-5107
TCGA-BP-5191
TCGA-BP-5173
TCGA-CJ-4918
TCGA-BP-4787
TCGA-B0-5080
TCGA-B0-4703
TCGA-BP-4782
TCGA-BP-5199
TCGA-DV-5565
TCGA-AK-3465
TCGA-CJ-5679
TCGA-B0-5712
TCGA-B0-4714
TCGA-B0-5702
TCGA-CJ-4869
TCGA-CJ-4889
TCGA-AK-3436
TCGA-B0-5083
TCGA-CJ-4890
TCGA-BP-4960
TCGA-CZ-5470
TCGA-BP-4341
TCGA-EU-5905
TCGA-CJ-5672
TCGA-BP-4176
TCGA-BP-4989
TCGA-CZ-5462
TCGA-CJ-4882
TCGA-MM-A564
TCGA-B0-4706
TCGA-CJ-6033
TCGA-B0-4849
TCGA-CJ-5682
TCGA-AK-3427
TCGA-A3-A8OU
TCGA-BP-4165
TCGA-CJ-5689
TCGA-B0-5102
TCGA-AK-3454
TCGA-BP-4776
TCGA-B0-5098
TCGA-CZ-5465
TCGA-B0-4699
TCGA-B8-5545
TCGA-B0-5400
TCGA-BP-4981
TCGA-B8-5549
TCGA-BP-4807
TCGA-BP-4167
TCGA-G6-A8L7
TCGA-AK-3425
TCGA-B0-4838
TCGA-CJ-4876
TCGA-BP-5000
TCGA-CJ-4912
TCGA-B0-4822
TCGA-CJ-5681
TCGA-CJ-4891
TCGA-A3-3382
TCGA-B0-4843
TCGA-CZ-5460
TCGA-B0-4697
TCGA-CJ-4884
TCGA-B0-5707
TCGA-B0-5695
TCGA-BP-4994
TCGA-MM-A563
TCGA-B0-5108
TCGA-B0-5713
TCGA-CJ-6031
TCGA-B0-4839
TCGA-B8-5158
TCGA-BP-4326
TCGA-A3-3346
TCGA-BP-5178
TCGA-A3-3325
TCGA-BP-4770
TCGA-A3-3363
TCGA-CJ-5676
TCGA-BP-4756
TCGA-B8-5163
TCGA-BP-4968
TCGA-CJ-5677
TCGA-BP-4352
TCGA-BP-4804
TCGA-MM-A84U
TCGA-BP-4970
TCGA-A3-A6NN
TCGA-BP-5201
TCGA-B8-4621
TCGA-CJ-4638
TCGA-DV-5576
TCGA-B0-5109
TCGA-CZ-4854
TCGA-CZ-4862
TCGA-B8-5551
TCGA-BP-4795
TCGA-B8-5164
TCGA-B4-5377
TCGA-B0-4811
TCGA-CW-5591
TCGA-BP-4959
TCGA-CZ-5469
TCGA-DV-5575
TCGA-B4-5835
TCGA-B0-4817
TCGA-CJ-4894
TCGA-CJ-4881
TCGA-DV-5574
TCGA-CZ-4865
TCGA-CW-6088
TCGA-AK-3456
TCGA-BP-4338
TCGA-CJ-6030
TCGA-CZ-5453
TCGA-CJ-4905
TCGA-CJ-5671
TCGA-B0-4718
TCGA-B0-4821
TCGA-G6-A5PC
