TCGA-T7-A92I
TCGA-B2-4099
TCGA-CJ-5686
TCGA-B4-5843
TCGA-CW-5587
TCGA-B8-A54J
TCGA-BP-4790
TCGA-B0-5692
TCGA-A3-3307
TCGA-AK-3450
TCGA-B8-4619
TCGA-A3-3331
TCGA-CJ-4895
TCGA-B0-5693
TCGA-B8-5159
TCGA-B0-5691
TCGA-CZ-5455
TCGA-B2-5641
TCGA-B0-4834
TCGA-CJ-4637
TCGA-B0-5700
TCGA-BP-4972
TCGA-BP-5170
TCGA-AK-3440
TCGA-CW-5581
TCGA-CJ-4873
TCGA-BP-4775
TCGA-B0-4845
TCGA-B0-5812
TCGA-BP-4346
TCGA-BP-5177
TCGA-B0-4823
TCGA-A3-3362
TCGA-B0-5699
TCGA-AK-3433
TCGA-CJ-4892
TCGA-B8-A54H
TCGA-BP-4998
TCGA-CZ-5982
TCGA-CJ-4634
TCGA-AK-3447
TCGA-BP-4337
TCGA-B0-5399
TCGA-B0-4828
TCGA-BP-4991
TCGA-A3-3343
TCGA-B2-A4SR
TCGA-A3-3352
TCGA-B8-4148
TCGA-CJ-4874
TCGA-BP-4967
TCGA-BP-5190
TCGA-A3-3373
TCGA-B0-5106
TCGA-B4-5844
TCGA-BP-4174
TCGA-CW-5590
TCGA-CJ-5680
TCGA-BP-5200
TCGA-B0-4848
TCGA-CJ-4907
TCGA-BP-5168
TCGA-BP-4159
TCGA-B2-5639
TCGA-DV-5566
TCGA-CJ-4641
TCGA-B8-5550
TCGA-A3-3370
TCGA-B0-5119
TCGA-CW-6097
TCGA-BP-4969
TCGA-B0-5710
TCGA-B8-4620
TCGA-A3-3323
TCGA-B0-5095
TCGA-A3-3311
TCGA-A3-A6NJ
TCGA-CZ-5458
TCGA-BP-4330
TCGA-A3-A8OW
TCGA-A3-3317
TCGA-B0-5110
TCGA-B0-4945
TCGA-BP-4976
TCGA-DV-A4W0
TCGA-CW-5583
TCGA-BP-4762
TCGA-BP-4977
TCGA-BP-4993
TCGA-A3-3372
TCGA-BP-4961
TCGA-B0-5690
TCGA-A3-3376
TCGA-CJ-4887
TCGA-B0-5116
TCGA-B0-4713
TCGA-CJ-5675
TCGA-BP-4347
TCGA-BP-4329
TCGA-B4-5836
TCGA-B8-A54E
TCGA-BP-4177
TCGA-BP-4160
TCGA-CW-5584
TCGA-AK-3434
TCGA-BP-5202
TCGA-B0-5121
TCGA-B0-5120
TCGA-CJ-6027
TCGA-BP-5006
TCGA-CJ-4885
TCGA-B0-5092
TCGA-CJ-4908
TCGA-BP-4964
TCGA-BP-4774
TCGA-B8-4151
TCGA-B0-5099
TCGA-BP-5180
TCGA-CJ-4643
TCGA-BP-4327
TCGA-A3-3387
TCGA-B0-5094
TCGA-AK-3460
TCGA-BP-4166
TCGA-A3-3328
TCGA-A3-3365
TCGA-CZ-5985
TCGA-BP-4777
TCGA-B4-5378
TCGA-BP-4763
TCGA-CJ-5683
TCGA-B4-5838
TCGA-CJ-5684
TCGA-DV-5567
TCGA-B0-5117
TCGA-CZ-4861
TCGA-CZ-4856
TCGA-AK-3458
TCGA-A3-3329
TCGA-B0-5113
TCGA-A3-3367
TCGA-CZ-4863
TCGA-B0-4852
TCGA-A3-3306
TCGA-B0-5696
TCGA-CZ-5457
TCGA-BP-4353
TCGA-BP-4986
TCGA-B0-4710
TCGA-BP-4995
TCGA-A3-3351
TCGA-A3-3359
TCGA-BP-4987
TCGA-AK-3451
TCGA-CJ-6028
TCGA-BP-5173
TCGA-CZ-4858
TCGA-B0-5077
TCGA-CJ-4918
TCGA-B0-5096
TCGA-BP-4787
TCGA-B8-5165
TCGA-B0-4833
TCGA-CJ-6032
TCGA-B0-5711
TCGA-B0-4814
TCGA-DV-5573
TCGA-BP-4782
TCGA-B4-5834
TCGA-AK-3465
TCGA-CJ-5679
TCGA-A3-3313
TCGA-B0-5712
TCGA-BP-5187
TCGA-CZ-5454
TCGA-B0-4714
TCGA-CJ-4903
TCGA-CZ-5467
TCGA-BP-5195
TCGA-CJ-4889
TCGA-BP-5183
TCGA-BP-5189
TCGA-AK-3436
TCGA-BP-4766
TCGA-AK-3455
TCGA-CJ-4635
TCGA-A3-3358
TCGA-CZ-5470
TCGA-BP-4341
TCGA-EU-5905
TCGA-A3-3357
TCGA-BP-4335
TCGA-A3-3322
TCGA-BP-4158
TCGA-BP-4325
TCGA-B0-5088
TCGA-CJ-4899
TCGA-CZ-5987
TCGA-B0-4824
TCGA-CJ-4886
TCGA-BP-4176
TCGA-B0-4836
TCGA-BP-4989
TCGA-EU-5904
TCGA-GK-A6C7
TCGA-A3-A8CQ
TCGA-A3-3308
TCGA-CZ-5462
TCGA-CZ-5464
TCGA-BP-4803
TCGA-MM-A564
TCGA-CW-5588
TCGA-B0-5703
TCGA-CJ-6033
TCGA-CJ-4916
TCGA-B0-4849
TCGA-BP-4344
TCGA-DV-5569
TCGA-CJ-5682
TCGA-BP-5181
TCGA-A3-A6NL
TCGA-BP-4765
TCGA-B0-5104
TCGA-CW-5580
TCGA-A3-3326
TCGA-CJ-5689
TCGA-B0-4846
TCGA-CW-5589
TCGA-B0-5102
TCGA-AK-3454
TCGA-CJ-4875
TCGA-BP-4781
TCGA-A3-3335
TCGA-CZ-5465
TCGA-CJ-4904
TCGA-B0-4699
TCGA-BP-4789
TCGA-BP-5009
TCGA-A3-3349
TCGA-CZ-5451
TCGA-B0-5694
TCGA-BP-4351
TCGA-EU-5906
TCGA-BP-4807
TCGA-BP-4760
TCGA-BP-4164
TCGA-CW-6090
TCGA-CZ-5984
TCGA-A3-3380
TCGA-AK-3461
TCGA-CJ-4897
TCGA-B0-4838
TCGA-CJ-4876
TCGA-CJ-4636
TCGA-CZ-5461
TCGA-BP-4331
TCGA-B0-5706
TCGA-A3-3316
TCGA-B0-5701
TCGA-CJ-5681
TCGA-B2-4102
TCGA-B8-4154
TCGA-AK-3428
TCGA-CZ-4853
TCGA-A3-3382
TCGA-BP-4974
TCGA-BP-4355
TCGA-B2-4101
TCGA-BP-4999
TCGA-A3-A8OV
TCGA-B0-5709
TCGA-CJ-4644
TCGA-AK-3443
TCGA-B8-5553
TCGA-A3-3378
TCGA-B2-5636
TCGA-CJ-4884
TCGA-B0-5698
TCGA-BP-5184
TCGA-CJ-4872
TCGA-B8-A54G
TCGA-BP-5007
TCGA-B0-5695
TCGA-BP-4994
TCGA-B0-5108
TCGA-B0-5713
TCGA-BP-5186
TCGA-B0-5705
TCGA-B0-4839
TCGA-B0-4818
TCGA-CJ-4920
TCGA-A3-3346
TCGA-A3-3325
TCGA-A3-3363
TCGA-B0-5115
TCGA-B8-5163
TCGA-B0-5402
TCGA-BP-4801
TCGA-A3-3385
TCGA-BP-4797
TCGA-B0-4810
TCGA-BP-4970
TCGA-B0-5075
TCGA-BP-4332
TCGA-AK-3429
TCGA-A3-A6NN
TCGA-BP-5201
TCGA-CJ-4871
TCGA-CW-6093
TCGA-CJ-4638
TCGA-DV-5576
TCGA-CJ-4893
TCGA-CZ-4864
TCGA-BP-5008
TCGA-A3-A8OX
TCGA-CZ-4854
TCGA-CZ-4862
TCGA-BP-5192
TCGA-B8-5164
TCGA-B4-5377
TCGA-BP-4161
TCGA-BP-4973
TCGA-CW-5591
TCGA-BP-4342
TCGA-CZ-4860
TCGA-B0-4693
TCGA-BP-5194
TCGA-DV-5575
TCGA-MW-A4EC
TCGA-CW-5585
TCGA-CJ-4894
TCGA-BP-4162
TCGA-DV-5574
TCGA-B8-4622
TCGA-CW-6088
TCGA-CZ-4859
TCGA-CZ-4866
TCGA-BP-4338
TCGA-CJ-6030
TCGA-CZ-5453
TCGA-CJ-4905
TCGA-BP-4963
TCGA-BP-4965
TCGA-BP-5004
TCGA-3Z-A93Z
TCGA-CJ-4639
TCGA-BP-4982
