TCGA-BP-4768
TCGA-BP-4340
TCGA-B8-A54I
TCGA-B0-4691
TCGA-B8-A8YJ
TCGA-CJ-4868
TCGA-AK-3426
TCGA-CZ-5459
TCGA-BP-5198
TCGA-BP-4354
TCGA-B0-5697
TCGA-BP-4759
TCGA-B8-A54F
TCGA-G6-A8L8
TCGA-AK-3445
TCGA-BP-4173
TCGA-B0-4700
TCGA-B0-4694
TCGA-BP-5174
TCGA-B0-4813
TCGA-6D-AA2E
TCGA-CJ-4888
TCGA-A3-3347
TCGA-CJ-4900
TCGA-B0-4696
TCGA-B8-5546
TCGA-AK-3453
TCGA-B0-5081
TCGA-B0-4707
TCGA-CJ-4640
TCGA-BP-5182
TCGA-B0-4690
TCGA-CZ-5466
TCGA-G6-A8L6
TCGA-BP-4163
TCGA-B0-4827
TCGA-B0-5097
TCGA-BP-4798
TCGA-A3-3319
TCGA-B0-4701
TCGA-B0-4712
TCGA-BP-4799
TCGA-BP-4771
TCGA-CJ-4870
TCGA-BP-5001
TCGA-B0-4819
TCGA-B0-4847
TCGA-AS-3778
TCGA-BP-4971
TCGA-CW-6087
TCGA-DV-5568
TCGA-B0-4688
TCGA-BP-5191
TCGA-A3-A6NI
TCGA-B0-5080
TCGA-B8-4143
TCGA-B0-4703
TCGA-BP-5199
TCGA-BP-4985
TCGA-DV-5565
TCGA-BP-4962
TCGA-B8-5162
TCGA-B0-5083
TCGA-B8-A7U6
TCGA-CJ-4890
TCGA-BP-4960
TCGA-BP-4758
TCGA-CJ-4882
TCGA-CZ-5988
TCGA-CZ-5456
TCGA-BP-4975
TCGA-BP-4776
TCGA-B0-5098
TCGA-B0-4844
TCGA-B8-5545
TCGA-B0-5400
TCGA-BP-4981
TCGA-BP-4167
TCGA-BP-5000
TCGA-CJ-4912
TCGA-B0-4822
TCGA-B0-4843
TCGA-CJ-4902
TCGA-CZ-5460
TCGA-B0-4697
TCGA-BP-4349
TCGA-CZ-5468
TCGA-MM-A563
TCGA-BP-4326
TCGA-CJ-5676
TCGA-BP-4756
TCGA-CJ-4901
TCGA-CZ-4857
TCGA-BP-4352
TCGA-BP-4804
TCGA-MM-A84U
TCGA-B0-4837
TCGA-B8-A54K
TCGA-B0-5109
TCGA-BP-4795
TCGA-BP-5176
TCGA-CZ-5469
TCGA-B4-5835
TCGA-B0-4817
TCGA-CJ-4881
TCGA-CZ-4865
TCGA-CJ-5671
TCGA-B0-4718
TCGA-G6-A5PC
