TCGA-T7-A92I
TCGA-BP-4768
TCGA-B2-4099
TCGA-CJ-5686
TCGA-B4-5843
TCGA-CW-5587
TCGA-B8-A54J
TCGA-BP-4790
TCGA-BP-4340
TCGA-A3-3307
TCGA-AK-3450
TCGA-A3-3331
TCGA-B0-5693
TCGA-B8-5159
TCGA-CZ-5459
TCGA-B0-5691
TCGA-CZ-5455
TCGA-BP-5198
TCGA-BP-5010
TCGA-B0-5700
TCGA-BP-4972
TCGA-BP-5170
TCGA-AK-3440
TCGA-CW-5581
TCGA-BP-4775
TCGA-BP-4759
TCGA-B0-4845
TCGA-B0-5812
TCGA-BP-4346
TCGA-B0-4823
TCGA-B8-A54F
TCGA-G6-A8L8
TCGA-A3-3362
TCGA-B0-5699
TCGA-AK-3433
TCGA-CJ-4892
TCGA-B8-A54H
TCGA-AK-3445
TCGA-BP-4998
TCGA-A3-3383
TCGA-CZ-5982
TCGA-CJ-4634
TCGA-B0-5399
TCGA-B0-4828
TCGA-6D-AA2E
TCGA-BP-4991
TCGA-A3-3343
TCGA-B2-A4SR
TCGA-A3-3352
TCGA-A3-3347
TCGA-B8-4148
TCGA-CJ-4874
TCGA-BP-4967
TCGA-A3-3373
TCGA-B4-5844
TCGA-B8-5546
TCGA-AK-3453
TCGA-CW-5590
TCGA-CJ-5680
TCGA-BP-4343
TCGA-B0-4848
TCGA-A3-3324
TCGA-CJ-4907
TCGA-BP-5168
TCGA-B2-5639
TCGA-CZ-5466
TCGA-G6-A8L6
TCGA-DV-5566
TCGA-A3-3370
TCGA-B0-5119
TCGA-CW-6097
TCGA-BP-4969
TCGA-B0-5710
TCGA-B8-4620
TCGA-CZ-5986
TCGA-A3-3323
TCGA-A3-3311
TCGA-A3-A6NJ
TCGA-CZ-5458
TCGA-BP-4330
TCGA-A3-A8OW
TCGA-A3-3317
TCGA-B0-5110
TCGA-B0-4945
TCGA-BP-4976
TCGA-DV-A4W0
TCGA-CW-5583
TCGA-BP-4977
TCGA-BP-4993
TCGA-A3-3372
TCGA-BP-4961
TCGA-B0-5690
TCGA-A3-3376
TCGA-B0-5116
TCGA-BP-4347
TCGA-BP-4329
TCGA-B0-4701
TCGA-B4-5836
TCGA-B8-A54E
TCGA-BP-4177
TCGA-BP-4160
TCGA-CW-5584
TCGA-AK-3434
TCGA-BP-5202
TCGA-B0-5121
TCGA-B0-5120
TCGA-CJ-6027
TCGA-BP-5006
TCGA-CJ-4908
TCGA-BP-4964
TCGA-BP-4774
TCGA-B0-4815
TCGA-B8-4151
TCGA-B0-5099
TCGA-BP-5180
TCGA-CJ-4643
TCGA-BP-4327
TCGA-B0-5094
TCGA-AK-3460
TCGA-BP-4769
TCGA-A3-3365
TCGA-B0-5085
TCGA-B4-5378
TCGA-BP-4763
TCGA-CJ-4870
TCGA-B4-5838
TCGA-BP-5001
TCGA-CJ-5684
TCGA-DV-5567
TCGA-B0-4847
TCGA-AS-3778
TCGA-CZ-4861
TCGA-CZ-4856
TCGA-AK-3458
TCGA-CJ-4878
TCGA-A3-3329
TCGA-B0-5113
TCGA-A3-3367
TCGA-CZ-4863
TCGA-B0-4852
TCGA-A3-3320
TCGA-A3-3306
TCGA-CZ-5457
TCGA-BP-4353
TCGA-DV-A4VZ
TCGA-B0-4710
TCGA-BP-4995
TCGA-A3-3351
TCGA-A3-3359
TCGA-BP-4987
TCGA-CJ-6028
TCGA-A3-A6NI
TCGA-CJ-4918
TCGA-B8-5165
TCGA-B0-4833
TCGA-CJ-6032
TCGA-B0-5711
TCGA-B0-4814
TCGA-BP-4782
TCGA-B4-5834
TCGA-A3-3313
TCGA-B0-5712
TCGA-BP-5187
TCGA-CZ-5454
TCGA-B0-4714
TCGA-CJ-4903
TCGA-CZ-5467
TCGA-B4-5832
TCGA-CZ-5989
TCGA-BP-5195
TCGA-BP-5183
TCGA-AK-3436
TCGA-BP-4766
TCGA-AK-3455
TCGA-B8-A7U6
TCGA-A3-3358
TCGA-CZ-5470
TCGA-BP-4341
TCGA-EU-5905
TCGA-BP-4335
TCGA-A3-3322
TCGA-CJ-5672
TCGA-BP-4158
TCGA-BP-4325
TCGA-CJ-4899
TCGA-CZ-5987
TCGA-B0-4824
TCGA-CJ-4886
TCGA-B0-4836
TCGA-EU-5904
TCGA-GK-A6C7
TCGA-A3-A8CQ
TCGA-BP-4758
TCGA-CZ-5464
TCGA-BP-4803
TCGA-MM-A564
TCGA-B0-4706
TCGA-CW-5588
TCGA-CJ-4916
TCGA-B0-4849
TCGA-BP-4344
TCGA-CZ-5988
TCGA-DV-5569
TCGA-CJ-5682
TCGA-A3-A6NL
TCGA-CZ-5456
TCGA-A3-A8OU
TCGA-BP-4765
TCGA-B0-5104
TCGA-CW-5580
TCGA-BP-4165
TCGA-A3-3326
TCGA-CJ-5689
TCGA-B0-4846
TCGA-CW-5589
TCGA-BP-4975
TCGA-B0-5102
TCGA-BP-4776
TCGA-BP-4781
TCGA-A3-3335
TCGA-CZ-5465
TCGA-CJ-4904
TCGA-BP-4789
TCGA-A3-3349
TCGA-B8-5545
TCGA-CZ-5451
TCGA-B8-5549
TCGA-EU-5906
TCGA-BP-4807
TCGA-BP-4760
TCGA-BP-4164
TCGA-AK-3431
TCGA-CW-6090
TCGA-CZ-5984
TCGA-A3-3380
TCGA-AK-3461
TCGA-CJ-4897
TCGA-B0-4838
TCGA-CZ-5461
TCGA-CZ-5463
TCGA-B0-5701
TCGA-B2-4102
TCGA-B8-4154
TCGA-AK-3428
TCGA-CZ-4853
TCGA-A3-3382
TCGA-BP-4974
TCGA-BP-4355
TCGA-B2-4101
TCGA-CJ-4902
TCGA-BP-4999
TCGA-A3-A8OV
TCGA-CZ-5460
TCGA-B0-5709
TCGA-CJ-4644
TCGA-B8-5553
TCGA-B2-5636
TCGA-CJ-4884
TCGA-BP-4349
TCGA-B0-5698
TCGA-BP-5184
TCGA-CJ-4872
TCGA-BP-4170
TCGA-BP-5007
TCGA-B0-5695
TCGA-BP-4994
TCGA-MM-A563
TCGA-B0-5713
TCGA-BP-5186
TCGA-B0-5705
TCGA-B8-5158
TCGA-B0-4818
TCGA-CJ-4920
TCGA-A3-3325
TCGA-A3-3363
TCGA-CJ-5676
TCGA-BP-4756
TCGA-B0-5115
TCGA-CJ-4901
TCGA-B0-5402
TCGA-BP-4801
TCGA-CZ-4857
TCGA-BP-4968
TCGA-A3-3385
TCGA-BP-4797
TCGA-B0-4810
TCGA-EU-5907
TCGA-BP-4970
TCGA-BP-4332
TCGA-AK-3429
TCGA-A3-A6NN
TCGA-BP-5201
TCGA-CW-6093
TCGA-B8-A54K
TCGA-B8-4621
TCGA-DV-5576
TCGA-CJ-4893
TCGA-BP-4169
TCGA-CZ-4864
TCGA-BP-5008
TCGA-A3-A8OX
TCGA-CZ-4854
TCGA-CZ-4862
TCGA-BP-5192
TCGA-BP-4784
TCGA-BP-4795
TCGA-B8-5164
TCGA-B4-5377
TCGA-B0-4811
TCGA-BP-4161
TCGA-BP-4973
TCGA-BP-5176
TCGA-B0-4693
TCGA-B0-5084
TCGA-BP-5194
TCGA-CZ-5469
TCGA-DV-5575
TCGA-MW-A4EC
TCGA-CW-5585
TCGA-CJ-4894
TCGA-BP-4162
TCGA-CZ-4865
TCGA-B8-4622
TCGA-CW-6088
TCGA-CZ-4859
TCGA-CZ-4866
TCGA-AK-3456
TCGA-CJ-6030
TCGA-CZ-5453
TCGA-CJ-4905
TCGA-CJ-5671
TCGA-BP-4963
TCGA-BP-4965
TCGA-BP-5004
TCGA-3Z-A93Z
TCGA-CJ-4639
TCGA-BP-4982
