TCGA-B8-A54I
TCGA-B0-4691
TCGA-B0-4841
TCGA-B8-A8YJ
TCGA-CJ-4895
TCGA-CJ-4868
TCGA-AK-3426
TCGA-BP-4992
TCGA-B0-5100
TCGA-B2-5641
TCGA-BP-4354
TCGA-CJ-4637
TCGA-A3-3374
TCGA-B0-5697
TCGA-CJ-4873
TCGA-BP-5177
TCGA-BP-4173
TCGA-B0-4700
TCGA-B0-4694
TCGA-BP-5174
TCGA-AK-3447
TCGA-BP-4337
TCGA-AS-3777
TCGA-BP-5185
TCGA-B0-4813
TCGA-BP-5196
TCGA-CJ-4888
TCGA-BP-5169
TCGA-CJ-4900
TCGA-BP-5190
TCGA-B0-5106
TCGA-B0-4696
TCGA-BP-4174
TCGA-B0-5081
TCGA-BP-4761
TCGA-BP-5200
TCGA-DV-A4VX
TCGA-B0-4707
TCGA-CJ-4640
TCGA-BP-5182
TCGA-B0-4690
TCGA-CJ-4641
TCGA-B8-5550
TCGA-B2-4098
TCGA-B0-5095
TCGA-B0-4827
TCGA-B0-5097
TCGA-BP-4762
TCGA-BP-5175
TCGA-CJ-4887
TCGA-BP-4798
TCGA-A3-3319
TCGA-B0-4713
TCGA-CJ-5675
TCGA-CJ-5678
TCGA-B0-4712
TCGA-BP-4799
TCGA-BP-4771
TCGA-B0-5092
TCGA-BP-4166
TCGA-A3-3328
TCGA-CZ-5985
TCGA-BP-4777
TCGA-B0-4819
TCGA-B0-5117
TCGA-BP-4334
TCGA-BP-4971
TCGA-CW-6087
TCGA-BP-4345
TCGA-BP-4986
TCGA-B0-4688
TCGA-B0-5107
TCGA-BP-5191
TCGA-AK-3451
TCGA-BP-5173
TCGA-CZ-4858
TCGA-B0-5096
TCGA-BP-4787
TCGA-B0-5080
TCGA-B8-4143
TCGA-B0-4703
TCGA-DV-5573
TCGA-BP-5199
TCGA-BP-4985
TCGA-DV-5565
TCGA-AK-3465
TCGA-CJ-5679
TCGA-BP-4962
TCGA-B0-5702
TCGA-CJ-4869
TCGA-CJ-4889
TCGA-CJ-4890
TCGA-BP-4960
TCGA-A3-3357
TCGA-B0-5088
TCGA-CZ-5452
TCGA-BP-4989
TCGA-A3-3308
TCGA-CZ-5462
TCGA-CJ-4882
TCGA-B0-5703
TCGA-CJ-6033
TCGA-AK-3427
TCGA-BP-5181
TCGA-BP-4983
TCGA-AK-3454
TCGA-CJ-4875
TCGA-B0-4844
TCGA-B0-4699
TCGA-BP-5009
TCGA-B0-5400
TCGA-B0-5694
TCGA-BP-4981
TCGA-BP-4167
TCGA-G6-A8L7
TCGA-AK-3425
TCGA-CJ-4876
TCGA-BP-5000
TCGA-CJ-4636
TCGA-CJ-4912
TCGA-B0-5706
TCGA-B0-4822
TCGA-A3-3316
TCGA-CJ-4891
TCGA-B0-4843
TCGA-B0-4697
TCGA-AK-3443
TCGA-A3-3378
TCGA-B8-A54G
TCGA-B0-5707
TCGA-CZ-5468
TCGA-B0-5108
TCGA-B0-4839
TCGA-BP-4326
TCGA-A3-3346
TCGA-BP-5178
TCGA-BP-4770
TCGA-B0-4698
TCGA-B8-5163
TCGA-B8-A54D
TCGA-CJ-5677
TCGA-BP-4352
TCGA-BP-4804
TCGA-MM-A84U
TCGA-B0-5075
TCGA-B0-4837
TCGA-CJ-4871
TCGA-CJ-4638
TCGA-B0-5109
TCGA-B8-5551
TCGA-CW-5591
TCGA-BP-4959
TCGA-BP-4342
TCGA-CZ-4860
TCGA-B4-5835
TCGA-B0-4817
TCGA-CJ-4881
TCGA-BP-4338
TCGA-B0-4718
TCGA-B0-4821
TCGA-G6-A5PC
