TCGA-T7-A92I
TCGA-BP-4768
TCGA-B2-4099
TCGA-B8-A54J
TCGA-B0-5692
TCGA-BP-4340
TCGA-B8-A54I
TCGA-B0-4691
TCGA-A3-3307
TCGA-B8-A8YJ
TCGA-B8-4619
TCGA-A3-3331
TCGA-CJ-4895
TCGA-CJ-4868
TCGA-AK-3426
TCGA-CZ-5459
TCGA-B0-5100
TCGA-B0-5691
TCGA-B0-4834
TCGA-BP-4354
TCGA-CJ-4637
TCGA-BP-5010
TCGA-A3-3374
TCGA-AK-3440
TCGA-CJ-4873
TCGA-BP-4775
TCGA-B0-4845
TCGA-BP-4346
TCGA-BP-5177
TCGA-B8-A54F
TCGA-G6-A8L8
TCGA-A3-3362
TCGA-AK-3433
TCGA-CJ-4892
TCGA-B8-A54H
TCGA-AK-3445
TCGA-BP-4998
TCGA-BP-4173
TCGA-A3-3383
TCGA-CZ-5982
TCGA-CJ-4634
TCGA-BP-4337
TCGA-B0-5399
TCGA-B0-4813
TCGA-B0-4828
TCGA-6D-AA2E
TCGA-BP-4991
TCGA-A3-3343
TCGA-B2-A4SR
TCGA-A3-3352
TCGA-CJ-4888
TCGA-A3-3347
TCGA-B8-4148
TCGA-CJ-4874
TCGA-BP-5169
TCGA-BP-4967
TCGA-CJ-4900
TCGA-B0-5106
TCGA-B0-4696
TCGA-BP-4174
TCGA-AK-3453
TCGA-B0-5081
TCGA-B0-4816
TCGA-BP-4761
TCGA-A3-3324
TCGA-DV-A4VX
TCGA-B0-4707
TCGA-B0-4690
TCGA-CZ-5466
TCGA-G6-A8L6
TCGA-CJ-4641
TCGA-A3-3370
TCGA-BP-4163
TCGA-B2-4098
TCGA-BP-4969
TCGA-B8-4620
TCGA-A3-3323
TCGA-B0-5095
TCGA-A3-A6NJ
TCGA-BP-4330
TCGA-A3-A8OW
TCGA-A3-3317
TCGA-B0-5110
TCGA-B0-4945
TCGA-DV-A4W0
TCGA-CW-5583
TCGA-BP-4977
TCGA-BP-4993
TCGA-A3-3372
TCGA-BP-4961
TCGA-A3-3376
TCGA-CJ-4887
TCGA-BP-4798
TCGA-A3-3319
TCGA-B0-4713
TCGA-BP-4347
TCGA-B0-4701
TCGA-BP-5006
TCGA-BP-4771
TCGA-B0-5092
TCGA-CJ-4908
TCGA-BP-4774
TCGA-B0-4815
TCGA-B0-5099
TCGA-CJ-4643
TCGA-BP-4327
TCGA-A3-3387
TCGA-B0-5094
TCGA-AK-3460
TCGA-A3-3328
TCGA-A3-3365
TCGA-B0-5085
TCGA-CZ-5985
TCGA-B4-5378
TCGA-BP-5001
TCGA-B0-4819
TCGA-DV-5567
TCGA-B0-4847
TCGA-AS-3778
TCGA-B0-5117
TCGA-AK-3458
TCGA-BP-4334
TCGA-B0-5113
TCGA-A3-3367
TCGA-CZ-4863
TCGA-B0-4852
TCGA-A3-3320
TCGA-A3-3306
TCGA-BP-4345
TCGA-DV-A4VZ
TCGA-BP-4986
TCGA-B0-4688
TCGA-B0-4710
TCGA-BP-4995
TCGA-B0-5107
TCGA-A3-3351
TCGA-A3-3359
TCGA-BP-4987
TCGA-A3-A6NI
TCGA-BP-5173
TCGA-B0-5077
TCGA-BP-4787
TCGA-B0-4833
TCGA-B8-4143
TCGA-B0-4703
TCGA-B0-4814
TCGA-DV-5573
TCGA-BP-5199
TCGA-AK-3465
TCGA-A3-3313
TCGA-B0-4714
TCGA-CJ-4903
TCGA-B0-5702
TCGA-BP-5183
TCGA-BP-4766
TCGA-AK-3455
TCGA-B8-A7U6
TCGA-CJ-4635
TCGA-A3-3358
TCGA-BP-4960
TCGA-BP-4341
TCGA-BP-4335
TCGA-A3-3322
TCGA-BP-4158
TCGA-BP-4325
TCGA-B0-5088
TCGA-CJ-4899
TCGA-B0-4824
TCGA-CJ-4886
TCGA-BP-4176
TCGA-BP-4989
TCGA-GK-A6C7
TCGA-A3-A8CQ
TCGA-A3-3308
TCGA-CJ-4882
TCGA-MM-A564
TCGA-B0-4706
TCGA-B0-5703
TCGA-CJ-4916
TCGA-B0-4849
TCGA-BP-4344
TCGA-A3-A6NL
TCGA-A3-A8OU
TCGA-BP-4765
TCGA-B0-5104
TCGA-CW-5580
TCGA-BP-4165
TCGA-A3-3326
TCGA-BP-4983
TCGA-B0-4846
TCGA-BP-4975
TCGA-B0-5102
TCGA-BP-4776
TCGA-CJ-4875
TCGA-B0-5098
TCGA-B0-4844
TCGA-A3-3335
TCGA-B0-4699
TCGA-BP-5009
TCGA-A3-3349
TCGA-B0-5400
TCGA-BP-4981
TCGA-BP-4164
TCGA-G6-A8L7
TCGA-A3-3380
TCGA-AK-3461
TCGA-B0-4838
TCGA-CJ-4876
TCGA-CJ-4636
TCGA-BP-4331
TCGA-CJ-4912
TCGA-B0-4822
TCGA-A3-3316
TCGA-B2-4102
TCGA-A3-3382
TCGA-B0-4843
TCGA-B2-4101
TCGA-CJ-4902
TCGA-BP-4999
TCGA-A3-A8OV
TCGA-B0-4697
TCGA-AK-3443
TCGA-A3-3378
TCGA-B2-5636
TCGA-CJ-4884
TCGA-BP-4349
TCGA-CJ-4872
TCGA-B8-A54G
TCGA-BP-5007
TCGA-BP-4994
TCGA-MM-A563
TCGA-B0-5108
TCGA-BP-5186
TCGA-B0-4818
TCGA-CJ-4920
TCGA-BP-4326
TCGA-A3-3346
TCGA-A3-3325
TCGA-A3-3363
TCGA-BP-4756
TCGA-B0-5115
TCGA-B0-4698
TCGA-CJ-4901
TCGA-B0-5402
TCGA-CZ-4857
TCGA-BP-4968
TCGA-B8-A54D
TCGA-A3-3385
TCGA-MM-A84U
TCGA-B0-5075
TCGA-BP-4332
TCGA-A3-A6NN
TCGA-BP-5201
TCGA-B8-A54K
TCGA-CJ-4638
TCGA-DV-5576
TCGA-BP-4169
TCGA-CZ-4864
TCGA-BP-5008
TCGA-A3-A8OX
TCGA-CZ-4854
TCGA-CZ-4862
TCGA-B8-5551
TCGA-B4-5377
TCGA-B0-4811
TCGA-BP-4161
TCGA-BP-4973
TCGA-BP-4342
TCGA-CZ-4860
TCGA-B0-4693
TCGA-B0-5084
TCGA-CZ-5469
TCGA-MW-A4EC
TCGA-B4-5835
TCGA-CW-5585
TCGA-CJ-4894
TCGA-CJ-4881
TCGA-BP-4162
TCGA-B8-4622
TCGA-CW-6088
TCGA-CZ-4866
TCGA-B0-4718
TCGA-BP-4963
TCGA-3Z-A93Z
TCGA-CJ-4639
TCGA-B0-4821
TCGA-G6-A5PC
TCGA-BP-4982
