TCGA-CJ-5686
TCGA-CW-5587
TCGA-BP-4790
TCGA-AK-3450
TCGA-B0-4841
TCGA-B0-5693
TCGA-B0-4842
TCGA-B8-5159
TCGA-CZ-5455
TCGA-BP-5198
TCGA-B2-5641
TCGA-B0-5700
TCGA-BP-4972
TCGA-BP-5170
TCGA-B0-5697
TCGA-CW-5581
TCGA-BP-4759
TCGA-B0-5812
TCGA-B0-4823
TCGA-B0-4700
TCGA-B0-4694
TCGA-BP-5174
TCGA-AK-3447
TCGA-AS-3777
TCGA-BP-5185
TCGA-BP-5196
TCGA-BP-5190
TCGA-A3-3373
TCGA-B4-5844
TCGA-B8-5546
TCGA-CW-5590
TCGA-CJ-5680
TCGA-BP-4343
TCGA-BP-5200
TCGA-B0-4848
TCGA-BP-5168
TCGA-BP-4159
TCGA-CJ-4640
TCGA-BP-5182
TCGA-B2-5639
TCGA-DV-5566
TCGA-B8-5550
TCGA-B0-5119
TCGA-CW-6097
TCGA-B0-5710
TCGA-CZ-5986
TCGA-B0-4827
TCGA-CZ-5458
TCGA-B0-5097
TCGA-BP-4976
TCGA-BP-4762
TCGA-B0-5690
TCGA-BP-5175
TCGA-B0-5116
TCGA-CJ-5675
TCGA-BP-4329
TCGA-B4-5836
TCGA-B8-A54E
TCGA-CJ-5678
TCGA-BP-4177
TCGA-BP-4160
TCGA-CW-5584
TCGA-AK-3434
TCGA-BP-5202
TCGA-B0-5121
TCGA-B0-5120
TCGA-CJ-6027
TCGA-B0-4712
TCGA-BP-4799
TCGA-CJ-4885
TCGA-BP-5180
TCGA-BP-4166
TCGA-BP-4769
TCGA-BP-4777
TCGA-BP-4763
TCGA-CJ-4870
TCGA-CJ-5683
TCGA-B4-5838
TCGA-CJ-5684
TCGA-CZ-4861
TCGA-CZ-4856
TCGA-CW-6087
TCGA-DV-5568
TCGA-B0-5696
TCGA-CZ-5457
TCGA-BP-4353
TCGA-BP-5191
TCGA-AK-3451
TCGA-CJ-6028
TCGA-CZ-4858
TCGA-CJ-4918
TCGA-B0-5096
TCGA-B8-5165
TCGA-B0-5080
TCGA-CJ-6032
TCGA-B0-5711
TCGA-BP-4782
TCGA-BP-4985
TCGA-DV-5565
TCGA-B4-5834
TCGA-CJ-5679
TCGA-B0-5712
TCGA-BP-5187
TCGA-CZ-5454
TCGA-BP-4962
TCGA-B4-5832
TCGA-CZ-5989
TCGA-CJ-4869
TCGA-B8-5162
TCGA-BP-5195
TCGA-CJ-4889
TCGA-BP-5189
TCGA-AK-3436
TCGA-B0-5083
TCGA-CJ-4890
TCGA-CZ-5470
TCGA-EU-5905
TCGA-A3-3357
TCGA-CJ-5672
TCGA-CZ-5987
TCGA-B0-4836
TCGA-BP-4758
TCGA-CZ-5464
TCGA-BP-4803
TCGA-CW-5588
TCGA-CJ-6033
TCGA-CZ-5988
TCGA-DV-5569
TCGA-AK-3427
TCGA-BP-5181
TCGA-CZ-5456
TCGA-CJ-5689
TCGA-CW-5589
TCGA-AK-3454
TCGA-BP-4781
TCGA-CZ-5465
TCGA-CJ-4904
TCGA-BP-4789
TCGA-B8-5545
TCGA-CZ-5451
TCGA-B0-5694
TCGA-B8-5549
TCGA-EU-5906
TCGA-BP-4807
TCGA-BP-4760
TCGA-BP-4167
TCGA-AK-3431
TCGA-CW-6090
TCGA-CZ-5984
TCGA-AK-3425
TCGA-CJ-4897
TCGA-BP-5000
TCGA-CZ-5461
TCGA-CZ-5463
TCGA-B0-5706
TCGA-B0-5701
TCGA-CJ-5681
TCGA-CJ-4891
TCGA-B8-4154
TCGA-AK-3428
TCGA-CZ-4853
TCGA-CZ-5460
TCGA-B0-5709
TCGA-CJ-4644
TCGA-B8-5553
TCGA-B0-5698
TCGA-BP-5184
TCGA-BP-4170
TCGA-B0-5707
TCGA-CZ-5468
TCGA-B0-5695
TCGA-B0-5705
TCGA-CJ-6031
TCGA-B0-4839
TCGA-B8-5158
TCGA-BP-5178
TCGA-BP-4770
TCGA-CJ-5676
TCGA-B8-5163
TCGA-BP-4801
TCGA-CJ-5677
TCGA-BP-4804
TCGA-BP-4797
TCGA-EU-5907
TCGA-BP-4970
TCGA-B0-4837
TCGA-AK-3429
TCGA-CJ-4871
TCGA-CW-6093
TCGA-B8-4621
TCGA-B0-5109
TCGA-CJ-4893
TCGA-BP-5192
TCGA-BP-4784
TCGA-BP-4795
TCGA-B8-5164
TCGA-CW-5591
TCGA-BP-5176
TCGA-BP-4959
TCGA-BP-5194
TCGA-DV-5575
TCGA-B0-4817
TCGA-DV-5574
TCGA-CZ-4865
TCGA-CZ-4859
TCGA-AK-3456
TCGA-BP-4338
TCGA-CJ-6030
TCGA-CZ-5453
TCGA-CJ-4905
TCGA-BP-4965
