TCGA-B0-4841
TCGA-B8-A8YJ
TCGA-B8-4619
TCGA-CJ-4868
TCGA-AK-3426
TCGA-BP-4992
TCGA-B0-5100
TCGA-B0-4834
TCGA-BP-4354
TCGA-CJ-4637
TCGA-BP-5010
TCGA-A3-3374
TCGA-BP-5170
TCGA-AK-3440
TCGA-CJ-4873
TCGA-BP-5177
TCGA-AK-3433
TCGA-AK-3445
TCGA-BP-4173
TCGA-B0-4700
TCGA-AK-3447
TCGA-BP-5185
TCGA-B0-4813
TCGA-BP-5169
TCGA-B0-5106
TCGA-B0-4696
TCGA-AK-3453
TCGA-B0-5081
TCGA-BP-4761
TCGA-BP-4159
TCGA-B0-4690
TCGA-G6-A8L6
TCGA-B8-4620
TCGA-B0-5097
TCGA-BP-4993
TCGA-B0-5690
TCGA-BP-5175
TCGA-BP-4798
TCGA-CJ-5678
TCGA-BP-4177
TCGA-B0-5121
TCGA-BP-4769
TCGA-A3-3328
TCGA-B0-5085
TCGA-B4-5378
TCGA-BP-5001
TCGA-B0-4819
TCGA-DV-5567
TCGA-B0-4847
TCGA-B0-5117
TCGA-BP-4334
TCGA-BP-4971
TCGA-DV-5568
TCGA-BP-4345
TCGA-DV-A4VZ
TCGA-BP-5191
TCGA-CJ-6028
TCGA-CZ-4858
TCGA-CJ-4918
TCGA-B0-5080
TCGA-B8-4143
TCGA-B0-4703
TCGA-BP-5199
TCGA-BP-4985
TCGA-DV-5565
TCGA-AK-3465
TCGA-B0-4714
TCGA-B0-5702
TCGA-CJ-4869
TCGA-B0-5083
TCGA-CJ-4890
TCGA-BP-4960
TCGA-BP-4335
TCGA-CJ-5672
TCGA-B0-5088
TCGA-BP-4989
TCGA-BP-4758
TCGA-CJ-4882
TCGA-MM-A564
TCGA-CJ-6033
TCGA-AK-3427
TCGA-A3-A6NL
TCGA-BP-4165
TCGA-BP-4983
TCGA-B0-5102
TCGA-AK-3454
TCGA-BP-4776
TCGA-CJ-4875
TCGA-B0-5098
TCGA-B0-4699
TCGA-BP-4981
TCGA-BP-4760
TCGA-BP-4167
TCGA-AK-3431
TCGA-CW-6090
TCGA-G6-A8L7
TCGA-CJ-4876
TCGA-BP-5000
TCGA-B0-4822
TCGA-CJ-5681
TCGA-CJ-4891
TCGA-BP-4974
TCGA-BP-4355
TCGA-CJ-4902
TCGA-B0-4697
TCGA-B2-5636
TCGA-CJ-4872
TCGA-CZ-5468
TCGA-B0-5108
TCGA-B0-4839
TCGA-BP-5178
TCGA-BP-4770
TCGA-CJ-5676
TCGA-CJ-4901
TCGA-BP-4968
TCGA-CJ-5677
TCGA-BP-4352
TCGA-BP-4804
TCGA-MM-A84U
TCGA-B0-4810
TCGA-B8-A54K
TCGA-DV-5576
TCGA-B0-5109
TCGA-BP-4784
TCGA-BP-4795
TCGA-B0-4811
TCGA-CZ-4860
TCGA-B0-5084
TCGA-CZ-5469
TCGA-B0-4817
TCGA-CJ-4881
TCGA-CJ-5671
TCGA-B0-4718
TCGA-B0-4821
